c:\users\glebm\source\repos\pong\debug\vc142.pdb
c:\users\glebm\source\repos\pong\debug\vc142.idb
c:\users\glebm\source\repos\pong\debug\subject.obj
c:\users\glebm\source\repos\pong\debug\main.obj
c:\users\glebm\source\repos\pong\debug\score.obj
c:\users\glebm\source\repos\pong\debug\player.obj
c:\users\glebm\source\repos\pong\debug\gamerectangle.obj
c:\users\glebm\source\repos\pong\debug\gameobject.obj
c:\users\glebm\source\repos\pong\debug\game.obj
c:\users\glebm\source\repos\pong\debug\ball.obj
c:\users\glebm\source\repos\pong\debug\ai.obj
c:\users\glebm\source\repos\pong\debug\pong.ilk
c:\users\glebm\source\repos\pong\debug\pong.exe
c:\users\glebm\source\repos\pong\debug\pong.pdb
c:\users\glebm\source\repos\pong\debug\pong.tlog\cl.command.1.tlog
c:\users\glebm\source\repos\pong\debug\pong.tlog\cl.read.1.tlog
c:\users\glebm\source\repos\pong\debug\pong.tlog\cl.write.1.tlog
c:\users\glebm\source\repos\pong\debug\pong.tlog\link.command.1.tlog
c:\users\glebm\source\repos\pong\debug\pong.tlog\link.read.1.tlog
c:\users\glebm\source\repos\pong\debug\pong.tlog\link.write.1.tlog
